#
# A fatal error has been detected by the Java Runtime Environment:
#
#  SIGSEGV (0xb) at pc=0x0000000198d1d7fc, pid=1767, tid=17411
#
# JRE version: Java(TM) SE Runtime Environment (7.0_51-b13) (build 1.7.0_51-b13)
# Java VM: Java HotSpot(TM) 64-Bit Server VM (24.51-b03 mixed mode bsd-amd64 compressed oops)
# Problematic frame:
# C  [libLeap.dylib+0x287fc]  _ZNK4Leap14InteractionBox8toStringEv+0x4f3c
#
# Failed to write core dump. Core dumps have been disabled. To enable core dumping, try "ulimit -c unlimited" before starting Java again
#
# If you would like to submit a bug report, please visit:
#   http://bugreport.sun.com/bugreport/crash.jsp
# The crash happened outside the Java Virtual Machine in native code.
# See problematic frame for where to report the bug.
#

---------------  T H R E A D  ---------------

Current thread (0x00007f8742013800):  JavaThread "Finalizer" daemon [_thread_in_native, id=17411, stack(0x0000000191481000,0x0000000191581000)]

siginfo:si_signo=SIGSEGV: si_errno=0, si_code=0 (SEGV0), si_addr=0x0000000000000000

Registers:
RAX=0xb000000000000001, RBX=0x00007f8742157a10, RCX=0x0000000191580140, RDX=0x00007f874106f3b8
RSP=0x00000001915801d0, RBP=0x00000001915802e0, RSI=0x0000420000004200, RDI=0x00007f8741073160
R8 =0x0000000000002060, R9 =0x0000000191580140, R10=0x0000000102a9f66c, R11=0x0000000000000002
R12=0x00007f8742157800, R13=0x00007f87410660b0, R14=0x0000000191580228, R15=0x00007f8741073160
RIP=0x0000000198d1d7fc, EFLAGS=0x0000000000010212, ERR=0x0000000000000000
  TRAPNO=0x000000000000000d

Top of Stack: (sp=0x00000001915801d0)
0x00000001915801d0:   00007f8742013800 0000000102135ea4
0x00000001915801e0:   0000000000000000 00007f8742157a08
0x00000001915801f0:   00000000000014dd 00000001025bbf30
0x0000000191580200:   000000018fff1ed0 0000000000000003
0x0000000191580210:   0000000191580260 00000000000014dd
0x0000000191580220:   00007f8700000009 0000000000000000
0x0000000191580230:   00007f8741073160 00007f8741073160
0x0000000191580240:   00007f8741073160 0000000000000001
0x0000000191580250:   00007f8742157dc8 00007f8742013801
0x0000000191580260:   00007f8742157d48 000000010225ea01
0x0000000191580270:   00007f8742013800 00007f8741000000
0x0000000191580280:   00000001915802d8 00007f8741011c48
0x0000000191580290:   00000001915802b0 00000001022d7dfe
0x00000001915802a0:   00007f8742013800 00007f8742013800
0x00000001915802b0:   00000001915802f0 00007f87410660b0
0x00000001915802c0:   0000000000000000 00000001067478c8
0x00000001915802d0:   00007f874106f360 00007f8742013800
0x00000001915802e0:   0000000191580300 0000000198d00ea4
0x00000001915802f0:   00000001067478c8 0000000191580388
0x0000000191580300:   0000000191580360 0000000102a9f698
0x0000000191580310:   00000001915803f0 00000001915803f0
0x0000000191580320:   0000000191580320 00000001067478c8
0x0000000191580330:   0000000191580388 000000010674b008
0x0000000191580340:   0000000000000000 00000001067478c8
0x0000000191580350:   0000000000000000 0000000191580380
0x0000000191580360:   00000001915803e0 0000000102a93058
0x0000000191580370:   00000001629115d8 0000000102a9bcd8
0x0000000191580380:   00007f87410660b0 0000000162b0c3a8
0x0000000191580390:   0000000000000009 0000000162b0c3a8
0x00000001915803a0:   0000000191580390 0000000106733eb1
0x00000001915803b0:   00000001915803f0 00000001067356d8
0x00000001915803c0:   0000000000000000 0000000106733ec8 

Instructions: (pc=0x0000000198d1d7fc)
0x0000000198d1d7dc:   d0 2d fe ff 4c 8d b5 48 ff ff ff 4c 8b bd 58 ff
0x0000000198d1d7ec:   ff ff 66 90 4d 39 f7 74 31 49 8b 7f 20 48 8b 07
0x0000000198d1d7fc:   48 8b 40 28 4c 89 ee ff d0 eb 0d 48 89 c7 e8 71
0x0000000198d1d80c:   3a 09 00 e8 7e 3a 09 00 4c 89 ff e8 04 3a 09 00 

Register to memory mapping:

RAX=0xb000000000000001 is an unknown value
RBX=0x00007f8742157a10 is an unknown value
RCX=0x0000000191580140 is pointing into the stack for thread: 0x00007f8742013800
RDX=0x00007f874106f3b8 is an unknown value
RSP=0x00000001915801d0 is pointing into the stack for thread: 0x00007f8742013800
RBP=0x00000001915802e0 is pointing into the stack for thread: 0x00007f8742013800
RSI=0x0000420000004200 is an unknown value
RDI=0x00007f8741073160 is an unknown value
R8 =0x0000000000002060 is an unknown value
R9 =0x0000000191580140 is pointing into the stack for thread: 0x00007f8742013800
R10=0x0000000102a9f66c is at code_begin+620 in an Interpreter codelet
method entry point (kind = native)  [0x0000000102a9f400, 0x0000000102a9fc40]  2112 bytes
R11=0x0000000000000002 is an unknown value
R12=0x00007f8742157800 is an unknown value
R13=0x00007f87410660b0 is an unknown value
R14=0x0000000191580228 is pointing into the stack for thread: 0x00007f8742013800
R15=0x00007f8741073160 is an unknown value


Stack: [0x0000000191481000,0x0000000191581000],  sp=0x00000001915801d0,  free space=1020k
Native frames: (J=compiled Java code, j=interpreted, Vv=VM code, C=native code)
C  [libLeap.dylib+0x287fc]  _ZNK4Leap14InteractionBox8toStringEv+0x4f3c
C  [libLeap.dylib+0xbea4]  _ZN4Leap10ControllerD0Ev+0x34
j  com.leapmotion.leap.LeapJNI.delete_Controller(J)V+0
j  com.leapmotion.leap.Controller.delete()V+25
j  com.leapmotion.leap.Controller.finalize()V+1
v  ~StubRoutines::call_stub
V  [libjvm.dylib+0x2d6bb0]
V  [libjvm.dylib+0x2d6980]
V  [libjvm.dylib+0x30a425]
V  [libjvm.dylib+0x2fdf96]
C  [libjava.dylib+0x299c]  Java_java_lang_ref_Finalizer_invokeFinalizeMethod+0x58
j  java.lang.ref.Finalizer.invokeFinalizeMethod(Ljava/lang/Object;)V+0
j  java.lang.ref.Finalizer.runFinalizer()V+45
j  java.lang.ref.Finalizer.access$100(Ljava/lang/ref/Finalizer;)V+1
j  java.lang.ref.Finalizer$FinalizerThread.run()V+24
v  ~StubRoutines::call_stub
V  [libjvm.dylib+0x2d6bb0]
V  [libjvm.dylib+0x2d70c7]
V  [libjvm.dylib+0x2d7204]
V  [libjvm.dylib+0x3261ea]
V  [libjvm.dylib+0x4efb57]
V  [libjvm.dylib+0x4f125f]
V  [libjvm.dylib+0x41b1d6]
C  [libsystem_c.dylib+0x14772]  _pthread_start+0x147
C  [libsystem_c.dylib+0x11a1]  thread_start+0xd

Java frames: (J=compiled Java code, j=interpreted, Vv=VM code)
j  com.leapmotion.leap.LeapJNI.delete_Controller(J)V+0
j  com.leapmotion.leap.Controller.delete()V+25
j  com.leapmotion.leap.Controller.finalize()V+1
v  ~StubRoutines::call_stub
j  java.lang.ref.Finalizer.invokeFinalizeMethod(Ljava/lang/Object;)V+0
j  java.lang.ref.Finalizer.runFinalizer()V+45
j  java.lang.ref.Finalizer.access$100(Ljava/lang/ref/Finalizer;)V+1
j  java.lang.ref.Finalizer$FinalizerThread.run()V+24
v  ~StubRoutines::call_stub

---------------  P R O C E S S  ---------------

Java Threads: ( => current thread )
  0x00007f87421ab800 JavaThread "DestroyJavaVM" [_thread_blocked, id=6403, stack(0x00000001028b8000,0x00000001029b8000)]
  0x00007f87409ef800 JavaThread "Media Resource Disposer" daemon [_thread_blocked, id=102415, stack(0x0000000198bb0000,0x0000000198cb0000)]
  0x00007f874096e000 JavaThread "Thread-7" daemon [_thread_in_native, id=101635, stack(0x0000000198893000,0x0000000198913000)]
  0x00007f87418b8800 JavaThread "Thread-4" daemon [_thread_in_native, id=48387, stack(0x0000000197e0a000,0x0000000197e8a000)]
  0x00007f8742071800 JavaThread "Thread-3" daemon [_thread_blocked, id=47107, stack(0x0000000197973000,0x0000000197a73000)]
  0x00007f8742090800 JavaThread "Disposer" daemon [_thread_blocked, id=46595, stack(0x000000019780d000,0x000000019790d000)]
  0x00007f8742908000 JavaThread "Java2D Disposer" daemon [_thread_blocked, id=45315, stack(0x0000000197360000,0x0000000197460000)]
  0x00007f8742961800 JavaThread "QuantumRenderer-0" daemon [_thread_blocked, id=43275, stack(0x000000019720d000,0x000000019730d000)]
  0x00007f874293d000 JavaThread "Java2D Queue Flusher" daemon [_thread_blocked, id=39447, stack(0x0000000195ba6000,0x0000000195ca6000)]
  0x00007f874181f000 JavaThread "AWT-Shutdown" [_thread_blocked, id=29955, stack(0x0000000193312000,0x0000000193412000)]
  0x00007f8740894000 JavaThread "JavaFX Application Thread" daemon [_thread_in_native, id=1799, stack(0x00007fff5d6c9000,0x00007fff5dec9000)]
  0x00007f8742040000 JavaThread "Thread-0" [_thread_in_native, id=24579, stack(0x0000000191ca7000,0x0000000191da7000)]
  0x00007f8742034000 JavaThread "Service Thread" daemon [_thread_blocked, id=23555, stack(0x0000000191a5c000,0x0000000191b5c000)]
  0x00007f874201d000 JavaThread "C2 CompilerThread1" daemon [_thread_blocked, id=23043, stack(0x0000000191959000,0x0000000191a59000)]
  0x00007f8742022000 JavaThread "C2 CompilerThread0" daemon [_thread_blocked, id=22531, stack(0x0000000191856000,0x0000000191956000)]
  0x00007f874201b000 JavaThread "Signal Dispatcher" daemon [_thread_blocked, id=21019, stack(0x0000000191753000,0x0000000191853000)]
=>0x00007f8742013800 JavaThread "Finalizer" daemon [_thread_in_native, id=17411, stack(0x0000000191481000,0x0000000191581000)]
  0x00007f8742011000 JavaThread "Reference Handler" daemon [_thread_blocked, id=16899, stack(0x000000019137e000,0x000000019147e000)]

Other Threads:
  0x00007f8742010000 VMThread [stack: 0x000000019127b000,0x000000019137b000] [id=16387]
  0x00007f874280c000 WatcherThread [stack: 0x0000000191b5f000,0x0000000191c5f000] [id=24067]

VM state:not at safepoint (normal execution)

VM Mutex/Monitor currently owned by a thread: None

Heap
 PSYoungGen      total 38912K, used 6262K [0x0000000160300000, 0x0000000162e00000, 0x000000018ae00000)
  eden space 33792K, 11% used [0x0000000160300000,0x00000001606e9a78,0x0000000162400000)
  from space 5120K, 44% used [0x0000000162900000,0x0000000162b33e70,0x0000000162e00000)
  to   space 5120K, 0% used [0x0000000162400000,0x0000000162400000,0x0000000162900000)
 ParOldGen       total 87040K, used 16K [0x000000010ae00000, 0x0000000110300000, 0x0000000160300000)
  object space 87040K, 0% used [0x000000010ae00000,0x000000010ae04000,0x0000000110300000)
 PSPermGen       total 21504K, used 12535K [0x0000000105c00000, 0x0000000107100000, 0x000000010ae00000)
  object space 21504K, 58% used [0x0000000105c00000,0x000000010683dfc0,0x0000000107100000)

Card table byte_map: [0x000000018ae00000,0x000000018b22a000] byte_map_base: 0x000000018a5d2000

Polling page: 0x00000001029f7000

Code Cache  [0x0000000102a8d000, 0x0000000102cfd000, 0x0000000105a8d000)
 total_blobs=581 nmethods=97 adapters=438 free_code_cache=48398Kb largest_free_block=49526656

Compilation events (10 events):
Event: 1.448 Thread 0x00007f874201d000 nmethod 91 0x0000000102b3f990 code [0x0000000102b3fb00, 0x0000000102b3fd18]
Event: 1.451 Thread 0x00007f8742022000 nmethod 92 0x0000000102b41590 code [0x0000000102b41700, 0x0000000102b41898]
Event: 1.470 Thread 0x00007f874201d000   93             java.lang.String::substring (79 bytes)
Event: 1.477 Thread 0x00007f874201d000 nmethod 93 0x0000000102b42150 code [0x0000000102b422c0, 0x0000000102b42638]
Event: 1.477 Thread 0x00007f874201d000   94             java.lang.Integer::reverseBytes (26 bytes)
Event: 1.478 Thread 0x00007f874201d000 nmethod 94 0x0000000102b44990 code [0x0000000102b44ac0, 0x0000000102b44b38]
Event: 1.480 Thread 0x00007f8742022000   96             java.lang.Math::abs (11 bytes)
Event: 1.480 Thread 0x00007f8742022000 nmethod 96 0x0000000102b41f50 code [0x0000000102b42080, 0x0000000102b420d8]
Event: 1.493 Thread 0x00007f8742022000   97             sun.misc.URLClassPath::getResource (74 bytes)
Event: 1.637 Thread 0x00007f8742022000 nmethod 97 0x0000000102b4a550 code [0x0000000102b4ab20, 0x0000000102b4d560]

GC Heap History (4 events):
Event: 1.135 GC heap before
{Heap before GC invocations=1 (full 0):
 PSYoungGen      total 38912K, used 33792K [0x0000000160300000, 0x0000000162e00000, 0x000000018ae00000)
  eden space 33792K, 100% used [0x0000000160300000,0x0000000162400000,0x0000000162400000)
  from space 5120K, 0% used [0x0000000162900000,0x0000000162900000,0x0000000162e00000)
  to   space 5120K, 0% used [0x0000000162400000,0x0000000162400000,0x0000000162900000)
 ParOldGen       total 87040K, used 0K [0x000000010ae00000, 0x0000000110300000, 0x0000000160300000)
  object space 87040K, 0% used [0x000000010ae00000,0x000000010ae00000,0x0000000110300000)
 PSPermGen       total 21504K, used 9672K [0x0000000105c00000, 0x0000000107100000, 0x000000010ae00000)
  object space 21504K, 44% used [0x0000000105c00000,0x0000000106572048,0x0000000107100000)
Event: 1.143 GC heap after
Heap after GC invocations=1 (full 0):
 PSYoungGen      total 38912K, used 1324K [0x0000000160300000, 0x0000000162e00000, 0x000000018ae00000)
  eden space 33792K, 0% used [0x0000000160300000,0x0000000160300000,0x0000000162400000)
  from space 5120K, 25% used [0x0000000162400000,0x000000016254b020,0x0000000162900000)
  to   space 5120K, 0% used [0x0000000162900000,0x0000000162900000,0x0000000162e00000)
 ParOldGen       total 87040K, used 8K [0x000000010ae00000, 0x0000000110300000, 0x0000000160300000)
  object space 87040K, 0% used [0x000000010ae00000,0x000000010ae02000,0x0000000110300000)
 PSPermGen       total 21504K, used 9672K [0x0000000105c00000, 0x0000000107100000, 0x000000010ae00000)
  object space 21504K, 44% used [0x0000000105c00000,0x0000000106572048,0x0000000107100000)
}
Event: 1.856 GC heap before
{Heap before GC invocations=2 (full 0):
 PSYoungGen      total 38912K, used 35116K [0x0000000160300000, 0x0000000162e00000, 0x000000018ae00000)
  eden space 33792K, 100% used [0x0000000160300000,0x0000000162400000,0x0000000162400000)
  from space 5120K, 25% used [0x0000000162400000,0x000000016254b020,0x0000000162900000)
  to   space 5120K, 0% used [0x0000000162900000,0x0000000162900000,0x0000000162e00000)
 ParOldGen       total 87040K, used 8K [0x000000010ae00000, 0x0000000110300000, 0x0000000160300000)
  object space 87040K, 0% used [0x000000010ae00000,0x000000010ae02000,0x0000000110300000)
 PSPermGen       total 21504K, used 12535K [0x0000000105c00000, 0x0000000107100000, 0x000000010ae00000)
  object space 21504K, 58% used [0x0000000105c00000,0x000000010683def8,0x0000000107100000)
Event: 1.865 GC heap after
Heap after GC invocations=2 (full 0):
 PSYoungGen      total 38912K, used 2255K [0x0000000160300000, 0x0000000162e00000, 0x000000018ae00000)
  eden space 33792K, 0% used [0x0000000160300000,0x0000000160300000,0x0000000162400000)
  from space 5120K, 44% used [0x0000000162900000,0x0000000162b33e70,0x0000000162e00000)
  to   space 5120K, 0% used [0x0000000162400000,0x0000000162400000,0x0000000162900000)
 ParOldGen       total 87040K, used 16K [0x000000010ae00000, 0x0000000110300000, 0x0000000160300000)
  object space 87040K, 0% used [0x000000010ae00000,0x000000010ae04000,0x0000000110300000)
 PSPermGen       total 21504K, used 12535K [0x0000000105c00000, 0x0000000107100000, 0x000000010ae00000)
  object space 21504K, 58% used [0x0000000105c00000,0x000000010683def8,0x0000000107100000)
}

Deoptimization events (2 events):
Event: 0.758 Thread 0x00007f8741800800 Uncommon trap: reason=unreached action=reinterpret pc=0x0000000102b163e4 method=java.lang.AbstractStringBuilder.append(Ljava/lang/String;)Ljava/lang/AbstractStringBuilder; @ 1
Event: 0.759 Thread 0x00007f8741800800 Uncommon trap: reason=unreached action=reinterpret pc=0x0000000102b11424 method=java.lang.AbstractStringBuilder.append(Ljava/lang/String;)Ljava/lang/AbstractStringBuilder; @ 1

Internal exceptions (10 events):
Event: 1.498 Thread 0x00007f87409ee000 Threw 0x00000001613420b0 at /HUDSON/workspace/7u-2-build-macosx-x86_64/jdk7u51/527/hotspot/src/share/vm/prims/jvm.cpp:1244
Event: 1.499 Thread 0x00007f87409ee000 Threw 0x00000001613455c8 at /HUDSON/workspace/7u-2-build-macosx-x86_64/jdk7u51/527/hotspot/src/share/vm/prims/jvm.cpp:1244
Event: 1.499 Thread 0x00007f87409ee000 Threw 0x0000000161348960 at /HUDSON/workspace/7u-2-build-macosx-x86_64/jdk7u51/527/hotspot/src/share/vm/prims/jvm.cpp:1244
Event: 1.500 Thread 0x00007f87409ee000 Threw 0x000000016134bcb8 at /HUDSON/workspace/7u-2-build-macosx-x86_64/jdk7u51/527/hotspot/src/share/vm/prims/jvm.cpp:1244
Event: 1.501 Thread 0x00007f87409ee000 Threw 0x000000016134f030 at /HUDSON/workspace/7u-2-build-macosx-x86_64/jdk7u51/527/hotspot/src/share/vm/prims/jvm.cpp:1244
Event: 1.706 Thread 0x00007f87409ee000 Threw 0x0000000161b0e888 at /HUDSON/workspace/7u-2-build-macosx-x86_64/jdk7u51/527/hotspot/src/share/vm/prims/jvm.cpp:1244
Event: 1.709 Thread 0x00007f87409ee000 Threw 0x0000000161b13f28 at /HUDSON/workspace/7u-2-build-macosx-x86_64/jdk7u51/527/hotspot/src/share/vm/prims/jvm.cpp:1244
Event: 1.715 Thread 0x00007f87409ee000 Threw 0x0000000161b1ac00 at /HUDSON/workspace/7u-2-build-macosx-x86_64/jdk7u51/527/hotspot/src/share/vm/prims/jvm.cpp:1244
Event: 1.720 Thread 0x00007f87409ee000 Threw 0x0000000161b22c30 at /HUDSON/workspace/7u-2-build-macosx-x86_64/jdk7u51/527/hotspot/src/share/vm/prims/jvm.cpp:1244
Event: 1.725 Thread 0x00007f87409ee000 Threw 0x0000000161b29560 at /HUDSON/workspace/7u-2-build-macosx-x86_64/jdk7u51/527/hotspot/src/share/vm/prims/jvm.cpp:1244

Events (10 events):
Event: 1.848 Thread 0x00007f87409ee000 Thread exited: 0x00007f87409ee000
Event: 1.856 Executing VM operation: ParallelGCFailedAllocation
Event: 1.865 Executing VM operation: ParallelGCFailedAllocation done
Event: 1.865 Thread 0x00007f8741908000 Thread added: 0x00007f8741908000
Event: 1.866 Thread 0x00007f8741908000 Thread exited: 0x00007f8741908000
Event: 1.867 Thread 0x00007f874215d800 Thread exited: 0x00007f874215d800
Event: 1.875 Thread 0x00007f87409ee000 Thread added: 0x00007f87409ee000
Event: 1.878 Thread 0x00007f87409ee000 Thread exited: 0x00007f87409ee000
Event: 1.882 Thread 0x00007f8741800800 Thread added: 0x00007f8741800800
Event: 1.883 Thread 0x00007f8741800800 Thread exited: 0x00007f8741800800


Dynamic libraries:
0x0000000002c2d000 	/System/Library/Frameworks/Cocoa.framework/Versions/A/Cocoa
0x0000000002c2d000 	/System/Library/Frameworks/Security.framework/Versions/A/Security
0x0000000002c2d000 	/System/Library/Frameworks/ApplicationServices.framework/Versions/A/ApplicationServices
0x0000000002c2d000 	/usr/lib/libz.1.dylib
0x0000000002c2d000 	/usr/lib/libSystem.B.dylib
0x0000000002c2d000 	/usr/lib/libobjc.A.dylib
0x0000000002c2d000 	/System/Library/Frameworks/CoreFoundation.framework/Versions/A/CoreFoundation
0x0000000002c2d000 	/System/Library/Frameworks/Foundation.framework/Versions/C/Foundation
0x0000000002c2d000 	/System/Library/Frameworks/AppKit.framework/Versions/C/AppKit
0x0000000002c2d000 	/System/Library/Frameworks/CoreData.framework/Versions/A/CoreData
0x0000000002c2d000 	/System/Library/PrivateFrameworks/RemoteViewServices.framework/Versions/A/RemoteViewServices
0x0000000002c2d000 	/System/Library/Frameworks/AudioToolbox.framework/Versions/A/AudioToolbox
0x0000000002c2d000 	/System/Library/Frameworks/AudioUnit.framework/Versions/A/AudioUnit
0x0000000002c2d000 	/System/Library/PrivateFrameworks/DataDetectorsCore.framework/Versions/A/DataDetectorsCore
0x0000000002c2d000 	/System/Library/PrivateFrameworks/DesktopServicesPriv.framework/Versions/A/DesktopServicesPriv
0x0000000002c2d000 	/System/Library/Frameworks/Carbon.framework/Versions/A/Frameworks/HIToolbox.framework/Versions/A/HIToolbox
0x0000000002c2d000 	/System/Library/Frameworks/QuartzCore.framework/Versions/A/QuartzCore
0x0000000002c2d000 	/System/Library/Frameworks/Carbon.framework/Versions/A/Frameworks/SpeechRecognition.framework/Versions/A/SpeechRecognition
0x0000000002c2d000 	/usr/lib/libauto.dylib
0x0000000002c2d000 	/usr/lib/libicucore.A.dylib
0x0000000002c2d000 	/usr/lib/libxml2.2.dylib
0x0000000002c2d000 	/System/Library/PrivateFrameworks/CoreUI.framework/Versions/A/CoreUI
0x0000000002c2d000 	/System/Library/Frameworks/CoreAudio.framework/Versions/A/CoreAudio
0x0000000002c2d000 	/System/Library/Frameworks/DiskArbitration.framework/Versions/A/DiskArbitration
0x0000000002c2d000 	/usr/lib/liblangid.dylib
0x0000000002c2d000 	/System/Library/PrivateFrameworks/MultitouchSupport.framework/Versions/A/MultitouchSupport
0x0000000002c2d000 	/System/Library/Frameworks/IOKit.framework/Versions/A/IOKit
0x0000000002c2d000 	/usr/lib/libDiagnosticMessagesClient.dylib
0x0000000002c2d000 	/System/Library/Frameworks/CoreServices.framework/Versions/A/CoreServices
0x0000000002c2d000 	/System/Library/PrivateFrameworks/PerformanceAnalysis.framework/Versions/A/PerformanceAnalysis
0x0000000002c2d000 	/System/Library/PrivateFrameworks/GenerationalStorage.framework/Versions/A/GenerationalStorage
0x0000000002c2d000 	/System/Library/Frameworks/OpenGL.framework/Versions/A/OpenGL
0x0000000002c2d000 	/System/Library/Frameworks/CoreText.framework/Versions/A/CoreText
0x0000000002c2d000 	/System/Library/Frameworks/ImageIO.framework/Versions/A/ImageIO
0x0000000002c2d000 	/System/Library/PrivateFrameworks/Backup.framework/Versions/A/Backup
0x0000000002c2d000 	/System/Library/Frameworks/CFNetwork.framework/Versions/A/CFNetwork
0x0000000002c2d000 	/System/Library/Frameworks/SystemConfiguration.framework/Versions/A/SystemConfiguration
0x0000000002c2d000 	/usr/lib/libCRFSuite.dylib
0x0000000002c2d000 	/System/Library/PrivateFrameworks/TCC.framework/Versions/A/TCC
0x0000000002c2d000 	/usr/lib/libc++.1.dylib
0x0000000002c2d000 	/usr/lib/libc++abi.dylib
0x0000000002c2d000 	/usr/lib/system/libcache.dylib
0x0000000002c2d000 	/usr/lib/system/libcommonCrypto.dylib
0x0000000002c2d000 	/usr/lib/system/libcompiler_rt.dylib
0x0000000002c2d000 	/usr/lib/system/libcopyfile.dylib
0x0000000002c2d000 	/usr/lib/system/libdispatch.dylib
0x0000000002c2d000 	/usr/lib/system/libdnsinfo.dylib
0x0000000002c2d000 	/usr/lib/system/libdyld.dylib
0x0000000002c2d000 	/usr/lib/system/libkeymgr.dylib
0x0000000002c2d000 	/usr/lib/system/liblaunch.dylib
0x0000000002c2d000 	/usr/lib/system/libmacho.dylib
0x0000000002c2d000 	/usr/lib/system/libquarantine.dylib
0x0000000002c2d000 	/usr/lib/system/libremovefile.dylib
0x0000000002c2d000 	/usr/lib/system/libsystem_blocks.dylib
0x0000000002c2d000 	/usr/lib/system/libsystem_c.dylib
0x0000000002c2d000 	/usr/lib/system/libsystem_dnssd.dylib
0x0000000002c2d000 	/usr/lib/system/libsystem_info.dylib
0x0000000002c2d000 	/usr/lib/system/libsystem_kernel.dylib
0x0000000002c2d000 	/usr/lib/system/libsystem_m.dylib
0x0000000002c2d000 	/usr/lib/system/libsystem_network.dylib
0x0000000002c2d000 	/usr/lib/system/libsystem_notify.dylib
0x0000000002c2d000 	/usr/lib/system/libsystem_sandbox.dylib
0x0000000002c2d000 	/usr/lib/system/libunc.dylib
0x0000000002c2d000 	/usr/lib/system/libunwind.dylib
0x0000000002c2d000 	/usr/lib/system/libxpc.dylib
0x0000000002c2d000 	/usr/lib/system/libcorecrypto.dylib
0x0000000002c2d000 	/usr/lib/libstdc++.6.dylib
0x0000000002c2d000 	/usr/lib/libbsm.0.dylib
0x0000000002c2d000 	/usr/lib/libsqlite3.dylib
0x0000000002c2d000 	/usr/lib/libxar.1.dylib
0x0000000002c2d000 	/usr/lib/libpam.2.dylib
0x0000000002c2d000 	/usr/lib/libOpenScriptingUtil.dylib
0x0000000002c2d000 	/usr/lib/libbz2.1.0.dylib
0x0000000002c2d000 	/System/Library/Frameworks/CoreServices.framework/Versions/A/Frameworks/CarbonCore.framework/Versions/A/CarbonCore
0x0000000002c2d000 	/System/Library/Frameworks/CoreServices.framework/Versions/A/Frameworks/Metadata.framework/Versions/A/Metadata
0x0000000002c2d000 	/System/Library/Frameworks/CoreServices.framework/Versions/A/Frameworks/OSServices.framework/Versions/A/OSServices
0x0000000002c2d000 	/System/Library/Frameworks/CoreServices.framework/Versions/A/Frameworks/SearchKit.framework/Versions/A/SearchKit
0x0000000002c2d000 	/System/Library/Frameworks/CoreServices.framework/Versions/A/Frameworks/AE.framework/Versions/A/AE
0x0000000002c2d000 	/System/Library/Frameworks/CoreServices.framework/Versions/A/Frameworks/LaunchServices.framework/Versions/A/LaunchServices
0x0000000002c2d000 	/System/Library/Frameworks/CoreServices.framework/Versions/A/Frameworks/DictionaryServices.framework/Versions/A/DictionaryServices
0x0000000002c2d000 	/System/Library/Frameworks/NetFS.framework/Versions/A/NetFS
0x0000000002c2d000 	/usr/lib/system/libkxld.dylib
0x0000000002c2d000 	/System/Library/PrivateFrameworks/NetAuth.framework/Versions/A/NetAuth
0x0000000002c2d000 	/System/Library/Frameworks/OpenDirectory.framework/Versions/A/Frameworks/CFOpenDirectory.framework/Versions/A/CFOpenDirectory
0x0000000002c2d000 	/usr/lib/libxslt.1.dylib
0x0000000002c2d000 	/System/Library/PrivateFrameworks/FamilyControls.framework/Versions/A/FamilyControls
0x0000000002c2d000 	/System/Library/Frameworks/Carbon.framework/Versions/A/Frameworks/Ink.framework/Versions/A/Ink
0x0000000002c2d000 	/System/Library/Frameworks/ApplicationServices.framework/Versions/A/Frameworks/CoreGraphics.framework/Versions/A/CoreGraphics
0x0000000002c2d000 	/System/Library/Frameworks/ApplicationServices.framework/Versions/A/Frameworks/ATS.framework/Versions/A/ATS
0x0000000002c2d000 	/System/Library/Frameworks/ApplicationServices.framework/Versions/A/Frameworks/ColorSync.framework/Versions/A/ColorSync
0x0000000002c2d000 	/System/Library/Frameworks/ApplicationServices.framework/Versions/A/Frameworks/HIServices.framework/Versions/A/HIServices
0x0000000002c2d000 	/System/Library/Frameworks/ApplicationServices.framework/Versions/A/Frameworks/LangAnalysis.framework/Versions/A/LangAnalysis
0x0000000002c2d000 	/System/Library/Frameworks/ApplicationServices.framework/Versions/A/Frameworks/PrintCore.framework/Versions/A/PrintCore
0x0000000002c2d000 	/System/Library/Frameworks/ApplicationServices.framework/Versions/A/Frameworks/QD.framework/Versions/A/QD
0x0000000002c2d000 	/System/Library/Frameworks/ApplicationServices.framework/Versions/A/Frameworks/SpeechSynthesis.framework/Versions/A/SpeechSynthesis
0x0000000002c2d000 	/System/Library/Frameworks/IOSurface.framework/Versions/A/IOSurface
0x0000000002c2d000 	/System/Library/Frameworks/Accelerate.framework/Versions/A/Accelerate
0x0000000002c2d000 	/System/Library/Frameworks/ApplicationServices.framework/Versions/A/Frameworks/ATS.framework/Versions/A/Resources/libFontParser.dylib
0x0000000002c2d000 	/System/Library/Frameworks/ApplicationServices.framework/Versions/A/Frameworks/ATS.framework/Versions/A/Resources/libFontRegistry.dylib
0x0000000002c2d000 	/System/Library/Frameworks/Accelerate.framework/Versions/A/Frameworks/vImage.framework/Versions/A/vImage
0x0000000002c2d000 	/System/Library/Frameworks/Accelerate.framework/Versions/A/Frameworks/vecLib.framework/Versions/A/vecLib
0x0000000002c2d000 	/System/Library/Frameworks/Accelerate.framework/Versions/A/Frameworks/vecLib.framework/Versions/A/libvDSP.dylib
0x0000000002c2d000 	/System/Library/Frameworks/Accelerate.framework/Versions/A/Frameworks/vecLib.framework/Versions/A/libvMisc.dylib
0x0000000002c2d000 	/System/Library/Frameworks/Accelerate.framework/Versions/A/Frameworks/vecLib.framework/Versions/A/libLAPACK.dylib
0x0000000002c2d000 	/System/Library/Frameworks/Accelerate.framework/Versions/A/Frameworks/vecLib.framework/Versions/A/libBLAS.dylib
0x0000000002c2d000 	/System/Library/Frameworks/ImageIO.framework/Versions/A/Resources/libJPEG.dylib
0x0000000002c2d000 	/System/Library/Frameworks/ImageIO.framework/Versions/A/Resources/libTIFF.dylib
0x0000000002c2d000 	/System/Library/Frameworks/ImageIO.framework/Versions/A/Resources/libPng.dylib
0x0000000002c2d000 	/System/Library/Frameworks/ImageIO.framework/Versions/A/Resources/libGIF.dylib
0x0000000002c2d000 	/System/Library/Frameworks/ImageIO.framework/Versions/A/Resources/libJP2.dylib
0x0000000002c2d000 	/System/Library/Frameworks/ImageIO.framework/Versions/A/Resources/libRadiance.dylib
0x0000000002c2d000 	/usr/lib/libcups.2.dylib
0x0000000002c2d000 	/System/Library/Frameworks/Kerberos.framework/Versions/A/Kerberos
0x0000000002c2d000 	/System/Library/Frameworks/GSS.framework/Versions/A/GSS
0x0000000002c2d000 	/usr/lib/libresolv.9.dylib
0x0000000002c2d000 	/usr/lib/libiconv.2.dylib
0x0000000002c2d000 	/System/Library/PrivateFrameworks/Heimdal.framework/Versions/A/Heimdal
0x0000000002c2d000 	/System/Library/PrivateFrameworks/TrustEvaluationAgent.framework/Versions/A/TrustEvaluationAgent
0x0000000002c2d000 	/System/Library/Frameworks/OpenDirectory.framework/Versions/A/OpenDirectory
0x0000000002c2d000 	/System/Library/PrivateFrameworks/CommonAuth.framework/Versions/A/CommonAuth
0x0000000002c2d000 	/System/Library/PrivateFrameworks/Bom.framework/Versions/A/Bom
0x0000000002c2d000 	/System/Library/Frameworks/CoreVideo.framework/Versions/A/CoreVideo
0x0000000002c2d000 	/System/Library/Frameworks/QuartzCore.framework/Versions/A/Frameworks/CoreImage.framework/Versions/A/CoreImage
0x0000000002c2d000 	/System/Library/Frameworks/QuartzCore.framework/Versions/A/Frameworks/ScalableUserInterface.framework/Versions/A/ScalableUserInterface
0x0000000002c2d000 	/System/Library/Frameworks/OpenGL.framework/Versions/A/Libraries/libGLU.dylib
0x0000000002c2d000 	/System/Library/Frameworks/OpenGL.framework/Versions/A/Libraries/libGFXShared.dylib
0x0000000002c2d000 	/System/Library/Frameworks/OpenGL.framework/Versions/A/Libraries/libGL.dylib
0x0000000002c2d000 	/System/Library/Frameworks/OpenGL.framework/Versions/A/Libraries/libGLImage.dylib
0x0000000002c2d000 	/System/Library/Frameworks/OpenGL.framework/Versions/A/Libraries/libCVMSPluginSupport.dylib
0x0000000002c2d000 	/System/Library/Frameworks/OpenGL.framework/Versions/A/Libraries/libCoreVMClient.dylib
0x0000000002c2d000 	/System/Library/PrivateFrameworks/CrashReporterSupport.framework/Versions/A/CrashReporterSupport
0x0000000002c2d000 	/System/Library/Frameworks/OpenCL.framework/Versions/A/OpenCL
0x0000000002c2d000 	/System/Library/PrivateFrameworks/FaceCoreLight.framework/Versions/A/FaceCoreLight
0x0000000002c2d000 	/System/Library/PrivateFrameworks/AppleFSCompression.framework/Versions/A/AppleFSCompression
0x0000000002c2d000 	/System/Library/PrivateFrameworks/Ubiquity.framework/Versions/A/Ubiquity
0x0000000002c2d000 	/System/Library/Frameworks/ServiceManagement.framework/Versions/A/ServiceManagement
0x0000000002c2d000 	/System/Library/PrivateFrameworks/ChunkingLibrary.framework/Versions/A/ChunkingLibrary
0x0000000002c2d000 	/System/Library/Frameworks/vecLib.framework/Versions/A/vecLib
0x0000000002c2d000 	/System/Library/Frameworks/SecurityFoundation.framework/Versions/A/SecurityFoundation
0x0000000002c2d000 	/System/Library/PrivateFrameworks/CommerceKit.framework/Versions/A/Frameworks/CommerceCore.framework/Versions/A/CommerceCore
0x0000000002c2d000 	/System/Library/PrivateFrameworks/CoreSymbolication.framework/Versions/A/CoreSymbolication
0x0000000002c2d000 	/System/Library/PrivateFrameworks/Symbolication.framework/Versions/A/Symbolication
0x0000000002c2d000 	/System/Library/PrivateFrameworks/DebugSymbols.framework/Versions/A/DebugSymbols
0x0000000101e64000 	/Library/Java/JavaVirtualMachines/jdk1.7.0_51.jdk/Contents/Home/jre/lib/server/libjvm.dylib
0x00000001029ba000 	/Library/Java/JavaVirtualMachines/jdk1.7.0_51.jdk/Contents/Home/jre/lib/libverify.dylib
0x00000001029c7000 	/Library/Java/JavaVirtualMachines/jdk1.7.0_51.jdk/Contents/Home/jre/lib/libjava.dylib
0x0000000102a84000 	/Library/Java/JavaVirtualMachines/jdk1.7.0_51.jdk/Contents/Home/jre/lib/libzip.dylib
0x0000000191583000 	/System/Library/Frameworks/JavaVM.framework/Frameworks/JavaRuntimeSupport.framework/JavaRuntimeSupport
0x000000019159b000 	/System/Library/Frameworks/JavaVM.framework/Versions/A/Frameworks/JavaNativeFoundation.framework/Versions/A/JavaNativeFoundation
0x00000001915b0000 	/System/Library/Frameworks/JavaVM.framework/Versions/A/JavaVM
0x0000000002c2d000 	/System/Library/Frameworks/Carbon.framework/Versions/A/Carbon
0x00000001915bd000 	/System/Library/PrivateFrameworks/JavaLaunching.framework/Versions/A/JavaLaunching
0x0000000002c2d000 	/System/Library/Frameworks/Carbon.framework/Versions/A/Frameworks/CommonPanels.framework/Versions/A/CommonPanels
0x0000000002c2d000 	/System/Library/Frameworks/Carbon.framework/Versions/A/Frameworks/Help.framework/Versions/A/Help
0x0000000002c2d000 	/System/Library/Frameworks/Carbon.framework/Versions/A/Frameworks/ImageCapture.framework/Versions/A/ImageCapture
0x0000000002c2d000 	/System/Library/Frameworks/Carbon.framework/Versions/A/Frameworks/OpenScripting.framework/Versions/A/OpenScripting
0x0000000002c2d000 	/System/Library/Frameworks/Carbon.framework/Versions/A/Frameworks/Print.framework/Versions/A/Print
0x0000000002c2d000 	/System/Library/Frameworks/Carbon.framework/Versions/A/Frameworks/SecurityHI.framework/Versions/A/SecurityHI
0x0000000191e39000 	/Library/Java/JavaVirtualMachines/jdk1.7.0_51.jdk/Contents/Home/jre/lib/libawt.dylib
0x0000000191ee8000 	/Library/Java/JavaVirtualMachines/jdk1.7.0_51.jdk/Contents/Home/jre/lib/./libmlib_image.dylib
0x0000000191fb4000 	/Library/Java/JavaVirtualMachines/jdk1.7.0_51.jdk/Contents/Home/jre/lib/lwawt/liblwawt.dylib
0x0000000192068000 	/Library/Java/JavaVirtualMachines/jdk1.7.0_51.jdk/Contents/Home/jre/lib/libosxapp.dylib
0x0000000192082000 	/System/Library/Frameworks/ExceptionHandling.framework/Versions/A/ExceptionHandling
0x0000000002c2d000 	/System/Library/PrivateFrameworks/CoreServicesInternal.framework/Versions/A/CoreServicesInternal
0x0000000002c2d000 	/System/Library/PrivateFrameworks/Librarian.framework/Versions/A/Librarian
0x0000000002c2d000 	/System/Library/Frameworks/ApplicationServices.framework/Versions/A/Frameworks/CoreGraphics.framework/Versions/A/Resources/libCSync.A.dylib
0x0000000002c2d000 	/System/Library/Frameworks/ApplicationServices.framework/Versions/A/Frameworks/CoreGraphics.framework/Versions/A/Resources/libRIP.A.dylib
0x0000000002c2d000 	/System/Library/Frameworks/ApplicationServices.framework/Versions/A/Frameworks/CoreGraphics.framework/Versions/A/Resources/libCGXType.A.dylib
0x0000000195b3e000 	/Library/Java/JavaVirtualMachines/jdk1.7.0_51.jdk/Contents/Home/jre/lib/libfontmanager.dylib
0x00000001934e7000 	/Library/Java/JavaVirtualMachines/jdk1.7.0_51.jdk/Contents/Home/jre/lib/libosxui.dylib
0x0000000195ca8000 	/System/Library/Frameworks/OpenGL.framework/Resources/GLEngine.bundle/GLEngine
0x0000000195e9d000 	/System/Library/Frameworks/OpenGL.framework/Versions/A/Libraries/libGLProgrammability.dylib
0x0000000196045000 	/System/Library/Extensions/AppleIntelHD4000GraphicsGLDriver.bundle/Contents/MacOS/AppleIntelHD4000GraphicsGLDriver
0x00000001942b2000 	/System/Library/PrivateFrameworks/IOAccelerator.framework/Versions/A/IOAccelerator
0x00000001942bf000 	/System/Library/PrivateFrameworks/GPUSupport.framework/Versions/A/Libraries/libGPUSupportMercury.dylib
0x0000000196a40000 	/System/Library/Frameworks/OpenGL.framework/Resources//GLRendererFloat.bundle/GLRendererFloat
0x00000001942d6000 	/System/Library/Frameworks/OpenCL.framework/Versions/A/Libraries/libcldcpuengine.dylib
0x0000000002c2d000 	/System/Library/PrivateFrameworks/DiskImages.framework/Versions/A/DiskImages
0x0000000002c2d000 	/System/Library/Frameworks/DiscRecording.framework/Versions/A/DiscRecording
0x0000000002c2d000 	/usr/lib/libcurl.4.dylib
0x0000000002c2d000 	/System/Library/PrivateFrameworks/MediaKit.framework/Versions/A/MediaKit
0x0000000002c2d000 	/usr/lib/libssl.0.9.8.dylib
0x0000000002c2d000 	/usr/lib/libcrypto.0.9.8.dylib
0x0000000002c2d000 	/System/Library/Frameworks/LDAP.framework/Versions/A/LDAP
0x0000000002c2d000 	/usr/lib/libsasl2.2.dylib
0x0000000197462000 	/Library/Java/JavaVirtualMachines/jdk1.7.0_51.jdk/Contents/Home/jre/lib/libprism-es2.dylib
0x000000019790f000 	/Library/Java/JavaVirtualMachines/jdk1.7.0_51.jdk/Contents/Home/jre/lib/libglass.dylib
0x0000000197e8c000 	/Library/Java/JavaVirtualMachines/jdk1.7.0_51.jdk/Contents/Home/jre/lib/libnio.dylib
0x0000000197e9b000 	/Library/Java/JavaVirtualMachines/jdk1.7.0_51.jdk/Contents/Home/jre/lib/./libnet.dylib
0x0000000197ef8000 	/Library/Java/JavaVirtualMachines/jdk1.7.0_51.jdk/Contents/Home/jre/lib/libjfxmedia.dylib
0x0000000197f58000 	/Library/Java/JavaVirtualMachines/jdk1.7.0_51.jdk/Contents/Home/jre/lib//libgstreamer-lite.dylib
0x0000000198105000 	/Library/Java/JavaVirtualMachines/jdk1.7.0_51.jdk/Contents/Home/jre/lib//libglib-2.0.0.dylib
0x0000000002c2d000 	/System/Library/Frameworks/QTKit.framework/Versions/A/QTKit
0x0000000002c2d000 	/System/Library/Frameworks/CoreMedia.framework/Versions/A/CoreMedia
0x0000000002c2d000 	/System/Library/Frameworks/MediaToolbox.framework/Versions/A/MediaToolbox
0x0000000002c2d000 	/System/Library/Frameworks/VideoToolbox.framework/Versions/A/VideoToolbox
0x0000000002c2d000 	/System/Library/PrivateFrameworks/CoreMediaAuthoring.framework/Versions/A/CoreMediaAuthoring
0x0000000002c2d000 	/System/Library/Frameworks/CoreMediaIO.framework/Versions/A/CoreMediaIO
0x0000000002c2d000 	/System/Library/PrivateFrameworks/MediaControlSender.framework/Versions/A/MediaControlSender
0x0000000002c2d000 	/System/Library/PrivateFrameworks/CoreAVCHD.framework/Versions/A/CoreAVCHD
0x0000000002c2d000 	/System/Library/PrivateFrameworks/CoreAUC.framework/Versions/A/CoreAUC
0x0000000002c2d000 	/System/Library/PrivateFrameworks/Apple80211.framework/Versions/A/Apple80211
0x0000000002c2d000 	/System/Library/Frameworks/CoreWLAN.framework/Versions/A/CoreWLAN
0x0000000002c2d000 	/System/Library/Frameworks/CoreWiFi.framework/Versions/A/CoreWiFi
0x0000000002c2d000 	/System/Library/PrivateFrameworks/AppleVA.framework/Versions/A/AppleVA
0x0000000198236000 	/Library/Java/JavaVirtualMachines/jdk1.7.0_51.jdk/Contents/Home/jre/lib/fxplugins.dylib
0x0000000198263000 	/System/Library/Frameworks/VideoDecodeAcceleration.framework/Versions/A/VideoDecodeAcceleration
0x0000000198269000 	/Library/Java/JavaVirtualMachines/jdk1.7.0_51.jdk/Contents/Home/jre/lib/libgstplugins-lite.dylib
0x00000001985fc000 	/System/Library/Extensions/AppleHDA.kext/Contents/PlugIns/AppleHDAHALPlugIn.bundle/Contents/MacOS/AppleHDAHALPlugIn
0x0000000128631000 	/System/Library/Components/CoreAudio.component/Contents/MacOS/CoreAudio
0x0000000198915000 	/System/Library/Components/AudioCodecs.component/Contents/MacOS/AudioCodecs
0x0000000198cb7000 	/Users/Sawyer/Documents/cs/cs032/leap-conductor/lib/libLeapJava.dylib
0x0000000198cf5000 	/Users/Sawyer/Documents/cs/cs032/leap-conductor/lib/libLeap.dylib

VM Arguments:
jvm_args: -Djava.library.path=/Users/Sawyer/Documents/cs/cs032/leap-conductor/lib -Dfile.encoding=US-ASCII 
java_command: frontend.Main src/data/sounds/Make_Your_Way.mp3
Launcher Type: SUN_STANDARD

Environment Variables:
PATH=/usr/bin:/bin:/usr/sbin:/sbin
SHELL=/bin/bash
DISPLAY=/tmp/launch-uYZBpq/org.macosforge.xquartz:0

Signal Handlers:
SIGSEGV: [libjvm.dylib+0x525425], sa_mask[0]=0xfffefeff, sa_flags=0x00000043
SIGBUS: [libjvm.dylib+0x525425], sa_mask[0]=0xfffefeff, sa_flags=0x00000042
SIGFPE: [libjvm.dylib+0x41892a], sa_mask[0]=0xfffefeff, sa_flags=0x00000042
SIGPIPE: [libjvm.dylib+0x41892a], sa_mask[0]=0xfffefeff, sa_flags=0x00000042
SIGXFSZ: [libjvm.dylib+0x41892a], sa_mask[0]=0xfffefeff, sa_flags=0x00000042
SIGILL: [libjvm.dylib+0x41892a], sa_mask[0]=0xfffefeff, sa_flags=0x00000042
SIGUSR1: SIG_DFL, sa_mask[0]=0x00000000, sa_flags=0x00000002
SIGUSR2: [libjvm.dylib+0x41841c], sa_mask[0]=0x00000004, sa_flags=0x00000042
SIGHUP: [libjvm.dylib+0x4166ab], sa_mask[0]=0xfffefeff, sa_flags=0x00000042
SIGINT: [libjvm.dylib+0x4166ab], sa_mask[0]=0xfffefeff, sa_flags=0x00000042
SIGTERM: [libjvm.dylib+0x4166ab], sa_mask[0]=0xfffefeff, sa_flags=0x00000042
SIGQUIT: [libjvm.dylib+0x4166ab], sa_mask[0]=0xfffefeff, sa_flags=0x00000042


---------------  S Y S T E M  ---------------

OS:Bsduname:Darwin 12.5.0 Darwin Kernel Version 12.5.0: Sun Sep 29 13:33:47 PDT 2013; root:xnu-2050.48.12~1/RELEASE_X86_64 x86_64
rlimit: STACK 8192k, CORE 0k, NPROC 709, NOFILE 10240, AS infinity
load average:3.54 2.90 2.75

CPU:total 4 (2 cores per cpu, 2 threads per core) family 6 model 58 stepping 9, cmov, cx8, fxsr, mmx, sse, sse2, sse3, ssse3, sse4.1, sse4.2, popcnt, avx, aes, erms, ht, tsc, tscinvbit, tscinv

Memory: 4k page, physical 8388608k(2097152k free)

/proc/meminfo:


vm_info: Java HotSpot(TM) 64-Bit Server VM (24.51-b03) for bsd-amd64 JRE (1.7.0_51-b13), built on Dec 18 2013 18:45:56 by "java_re" with gcc 4.2.1 (Based on Apple Inc. build 5658) (LLVM build 2336.11.00)

time: Mon Apr 28 16:46:57 2014
elapsed time: 1 seconds

