#
# A fatal error has been detected by the Java Runtime Environment:
#
#  SIGSEGV (0xb) at pc=0x00000001278cb7fc, pid=4170, tid=14595
#
# JRE version: Java(TM) SE Runtime Environment (7.0_51-b13) (build 1.7.0_51-b13)
# Java VM: Java HotSpot(TM) 64-Bit Server VM (24.51-b03 mixed mode bsd-amd64 compressed oops)
# Problematic frame:
# C  [libLeap.dylib+0x287fc]  Leap::InteractionBox::toString() const+0x4f3c
#
# Failed to write core dump. Core dumps have been disabled. To enable core dumping, try "ulimit -c unlimited" before starting Java again
#
# If you would like to submit a bug report, please visit:
#   http://bugreport.sun.com/bugreport/crash.jsp
# The crash happened outside the Java Virtual Machine in native code.
# See problematic frame for where to report the bug.
#

---------------  T H R E A D  ---------------

Current thread (0x00007fed0a023800):  JavaThread "Finalizer" daemon [_thread_in_native, id=14595, stack(0x0000000120acb000,0x0000000120bcb000)]

siginfo:si_signo=SIGSEGV: si_errno=0, si_code=0 (SEGV0), si_addr=0x0000000000000000

Registers:
RAX=0x800007fed0b84bcc, RBX=0x00007fed0a8ede10, RCX=0x0000000000000000, RDX=0x00007fed09e3d8f8
RSP=0x0000000120bca1b0, RBP=0x0000000120bca2c0, RSI=0x0000080000000800, RDI=0x00007fed0b87f220
R8 =0x0000000000000040, R9 =0x0000000120bca100, R10=0x0000000004f545bf, R11=0x000000007253dffa
R12=0x00007fed0a8edc00, R13=0x00007fed09e2e070, R14=0x0000000120bca208, R15=0x00007fed09c5a210
RIP=0x00000001278cb7fc, EFLAGS=0x0000000000010212, ERR=0x0000000000000000
  TRAPNO=0x000000000000000d

Top of Stack: (sp=0x0000000120bca1b0)
0x0000000120bca1b0:   00007fed0a023800 00000001110d1ea4
0x0000000120bca1c0:   0000000120bca1e0 00007fed0a8ede08
0x0000000120bca1d0:   00000000000014dd 0000000111557f30
0x0000000120bca1e0:   000000011e9bbed0 0000000000000003
0x0000000120bca1f0:   0000000120bca240 00000000000014dd
0x0000000120bca200:   00007fed00000009 0000000000000000
0x0000000120bca210:   00007fed09c5a210 00007fed09c5a210
0x0000000120bca220:   00007fed09c5a210 0000000000000001
0x0000000120bca230:   00007fed0a8ee1c8 00007fed0a023801
0x0000000120bca240:   00007fed0a8ee148 00000001111faa01
0x0000000120bca250:   00007fed0a023800 0000000110feadf3
0x0000000120bca260:   0000000120bca2b8 00007fed09c22a18
0x0000000120bca270:   0000000120bca290 0000000111273dfe
0x0000000120bca280:   00007fed0a023800 00007fed0a023800
0x0000000120bca290:   0000000120bca2d0 00007fed09e2e070
0x0000000120bca2a0:   0000000000000000 00000006fb5a4358
0x0000000120bca2b0:   00007fed09e3d8a0 00007fed0a023800
0x0000000120bca2c0:   0000000120bca2e0 00000001278aeea4
0x0000000120bca2d0:   00000006fb5a4358 0000000120bca368
0x0000000120bca2e0:   0000000120bca340 0000000111865698
0x0000000120bca2f0:   00007fed0a023800 0000000120bca368
0x0000000120bca300:   0000000120bca300 00000006fb5a4358
0x0000000120bca310:   0000000120bca368 00000006fb5a8040
0x0000000120bca320:   0000000000000000 00000006fb5a4358
0x0000000120bca330:   0000000000000000 0000000120bca360
0x0000000120bca340:   0000000120bca3c0 0000000111859058
0x0000000120bca350:   00000007aeb115e0 0000000111861cd8
0x0000000120bca360:   00007fed09e2e070 00000007aec2c1d0
0x0000000120bca370:   0000000000000009 00000007aec2c1d0
0x0000000120bca380:   0000000120bca370 00000006fb58f799
0x0000000120bca390:   0000000120bca3d0 00000006fb591538
0x0000000120bca3a0:   0000000000000000 00000006fb58f7b0 

Instructions: (pc=0x00000001278cb7fc)
0x00000001278cb7dc:   d0 2d fe ff 4c 8d b5 48 ff ff ff 4c 8b bd 58 ff
0x00000001278cb7ec:   ff ff 66 90 4d 39 f7 74 31 49 8b 7f 20 48 8b 07
0x00000001278cb7fc:   48 8b 40 28 4c 89 ee ff d0 eb 0d 48 89 c7 e8 71
0x00000001278cb80c:   3a 09 00 e8 7e 3a 09 00 4c 89 ff e8 04 3a 09 00 

Register to memory mapping:

RAX=0x800007fed0b84bcc is an unknown value
RBX=0x00007fed0a8ede10 is an unknown value
RCX=0x0000000000000000 is an unknown value
RDX=0x00007fed09e3d8f8 is an unknown value
RSP=0x0000000120bca1b0 is pointing into the stack for thread: 0x00007fed0a023800
RBP=0x0000000120bca2c0 is pointing into the stack for thread: 0x00007fed0a023800
RSI=0x0000080000000800 is an unknown value
RDI=0x00007fed0b87f220 is an unknown value
R8 =0x0000000000000040 is an unknown value
R9 =0x0000000120bca100 is pointing into the stack for thread: 0x00007fed0a023800
R10=0x0000000004f545bf is an unknown value
R11=0x000000007253dffa is an unknown value
R12=0x00007fed0a8edc00 is an unknown value
R13=0x00007fed09e2e070 is an unknown value
R14=0x0000000120bca208 is pointing into the stack for thread: 0x00007fed0a023800
R15=0x00007fed09c5a210 is an unknown value


Stack: [0x0000000120acb000,0x0000000120bcb000],  sp=0x0000000120bca1b0,  free space=1020k
Native frames: (J=compiled Java code, j=interpreted, Vv=VM code, C=native code)
C  [libLeap.dylib+0x287fc]  Leap::InteractionBox::toString() const+0x4f3c
C  [libLeap.dylib+0xbea4]  Leap::Controller::~Controller()+0x34
j  com.leapmotion.leap.LeapJNI.delete_Controller(J)V+0
j  com.leapmotion.leap.Controller.delete()V+25
j  com.leapmotion.leap.Controller.finalize()V+1
v  ~StubRoutines::call_stub
V  [libjvm.dylib+0x2d6bb0]  JavaCalls::call_helper(JavaValue*, methodHandle*, JavaCallArguments*, Thread*)+0x22a
V  [libjvm.dylib+0x2d6980]  JavaCalls::call(JavaValue*, methodHandle, JavaCallArguments*, Thread*)+0x28
V  [libjvm.dylib+0x30a425]  jni_invoke_nonstatic(JNIEnv_*, JavaValue*, _jobject*, JNICallType, _jmethodID*, JNI_ArgumentPusher*, Thread*)+0x2ba
V  [libjvm.dylib+0x2fdf96]  jni_CallVoidMethod+0x116
C  [libjava.dylib+0x299c]  Java_java_lang_ref_Finalizer_invokeFinalizeMethod+0x58
j  java.lang.ref.Finalizer.invokeFinalizeMethod(Ljava/lang/Object;)V+0
j  java.lang.ref.Finalizer.runFinalizer()V+45
j  java.lang.ref.Finalizer.access$100(Ljava/lang/ref/Finalizer;)V+1
j  java.lang.ref.Finalizer$FinalizerThread.run()V+24
v  ~StubRoutines::call_stub
V  [libjvm.dylib+0x2d6bb0]  JavaCalls::call_helper(JavaValue*, methodHandle*, JavaCallArguments*, Thread*)+0x22a
V  [libjvm.dylib+0x2d70c7]  JavaCalls::call_virtual(JavaValue*, KlassHandle, Symbol*, Symbol*, JavaCallArguments*, Thread*)+0x11b
V  [libjvm.dylib+0x2d7204]  JavaCalls::call_virtual(JavaValue*, Handle, KlassHandle, Symbol*, Symbol*, Thread*)+0x4a
V  [libjvm.dylib+0x3261ea]  thread_entry(JavaThread*, Thread*)+0xad
V  [libjvm.dylib+0x4efb57]  JavaThread::thread_main_inner()+0x9b
V  [libjvm.dylib+0x4f125f]  JavaThread::run()+0x1a3
V  [libjvm.dylib+0x41b1d6]  java_start(Thread*)+0x126
C  [libsystem_pthread.dylib+0x1899]  _pthread_body+0x8a
C  [libsystem_pthread.dylib+0x172a]  _pthread_struct_init+0x0
C  [libsystem_pthread.dylib+0x5fc9]  thread_start+0xd

Java frames: (J=compiled Java code, j=interpreted, Vv=VM code)
j  com.leapmotion.leap.LeapJNI.delete_Controller(J)V+0
j  com.leapmotion.leap.Controller.delete()V+25
j  com.leapmotion.leap.Controller.finalize()V+1
v  ~StubRoutines::call_stub
j  java.lang.ref.Finalizer.invokeFinalizeMethod(Ljava/lang/Object;)V+0
j  java.lang.ref.Finalizer.runFinalizer()V+45
j  java.lang.ref.Finalizer.access$100(Ljava/lang/ref/Finalizer;)V+1
j  java.lang.ref.Finalizer$FinalizerThread.run()V+24
v  ~StubRoutines::call_stub

---------------  P R O C E S S  ---------------

Java Threads: ( => current thread )
  0x00007fed0d803000 JavaThread "DestroyJavaVM" [_thread_blocked, id=6403, stack(0x000000010fc49000,0x000000010fd49000)]
  0x00007fed0a8e3000 JavaThread "Java2D Disposer" daemon [_thread_blocked, id=51971, stack(0x0000000126cd8000,0x0000000126dd8000)]
  0x00007fed0a05e800 JavaThread "Java2D Queue Flusher" daemon [_thread_blocked, id=49415, stack(0x00000001259c6000,0x0000000125ac6000)]
  0x00007fed0d022000 JavaThread "AWT-Shutdown" [_thread_blocked, id=30475, stack(0x0000000122cf5000,0x0000000122df5000)]
  0x00007fed0b005800 JavaThread "AppKit Thread" daemon [_thread_in_native, id=1287, stack(0x00007fff5004c000,0x00007fff500cc000)]
  0x00007fed0a030000 JavaThread "Thread-0" [_thread_in_vm, id=22275, stack(0x0000000121264000,0x0000000121364000)]
  0x00007fed0a85b800 JavaThread "Service Thread" daemon [_thread_blocked, id=21251, stack(0x0000000121016000,0x0000000121116000)]
  0x00007fed0c80a800 JavaThread "C2 CompilerThread1" daemon [_thread_blocked, id=20739, stack(0x0000000120f13000,0x0000000121013000)]
  0x00007fed0d000000 JavaThread "C2 CompilerThread0" daemon [_thread_blocked, id=20227, stack(0x0000000120e10000,0x0000000120f10000)]
  0x00007fed0a843800 JavaThread "Signal Dispatcher" daemon [_thread_blocked, id=19715, stack(0x0000000120d0d000,0x0000000120e0d000)]
=>0x00007fed0a023800 JavaThread "Finalizer" daemon [_thread_in_native, id=14595, stack(0x0000000120acb000,0x0000000120bcb000)]
  0x00007fed0a021000 JavaThread "Reference Handler" daemon [_thread_blocked, id=14083, stack(0x00000001209c8000,0x0000000120ac8000)]

Other Threads:
  0x00007fed0a83e800 VMThread [stack: 0x00000001208c5000,0x00000001209c5000] [id=13571]
  0x00007fed0c816000 WatcherThread [stack: 0x0000000121119000,0x0000000121219000] [id=21763]

VM state:not at safepoint (normal execution)

VM Mutex/Monitor currently owned by a thread: None

Heap
 PSYoungGen      total 76800K, used 5180K [0x00000007aaa80000, 0x00000007b0000000, 0x0000000800000000)
  eden space 66048K, 5% used [0x00000007aaa80000,0x00000007aae4b068,0x00000007aeb00000)
  from space 10752K, 12% used [0x00000007aeb00000,0x00000007aec44010,0x00000007af580000)
  to   space 10752K, 0% used [0x00000007af580000,0x00000007af580000,0x00000007b0000000)
 ParOldGen       total 174592K, used 8K [0x0000000700000000, 0x000000070aa80000, 0x00000007aaa80000)
  object space 174592K, 0% used [0x0000000700000000,0x0000000700002000,0x000000070aa80000)
 PSPermGen       total 21504K, used 7977K [0x00000006fae00000, 0x00000006fc300000, 0x0000000700000000)
  object space 21504K, 37% used [0x00000006fae00000,0x00000006fb5ca510,0x00000006fc300000)

Card table byte_map: [0x0000000114913000,0x000000011513d000] byte_map_base: 0x000000011113c000

Polling page: 0x000000010fd88000

Code Cache  [0x0000000111853000, 0x0000000111ac3000, 0x0000000114853000)
 total_blobs=434 nmethods=70 adapters=319 free_code_cache=48554Kb largest_free_block=49697728

Compilation events (10 events):
Event: 0.833 Thread 0x00007fed0c80a800 nmethod 63 0x00000001118e1690 code [0x00000001118e1800, 0x00000001118e1bc8]
Event: 0.833 Thread 0x00007fed0c80a800   66             java.lang.StringCoding$StringEncoder::requestedCharsetName (5 bytes)
Event: 0.833 Thread 0x00007fed0c80a800 nmethod 66 0x00000001118e6050 code [0x00000001118e6180, 0x00000001118e61f8]
Event: 0.833 Thread 0x00007fed0c80a800   67             java.io.File::isInvalid (47 bytes)
Event: 0.834 Thread 0x00007fed0d000000 nmethod 65 0x00000001118e7510 code [0x00000001118e7660, 0x00000001118e7878]
Event: 0.834 Thread 0x00007fed0d000000   68             java.lang.String::indexOf (7 bytes)
Event: 0.835 Thread 0x00007fed0c80a800 nmethod 67 0x00000001118e7090 code [0x00000001118e71e0, 0x00000001118e73b8]
Event: 0.836 Thread 0x00007fed0d000000 nmethod 68 0x00000001118e6c90 code [0x00000001118e6de0, 0x00000001118e6f68]
Event: 0.852 Thread 0x00007fed0c80a800   69             java.io.UnixFileSystem::getBooleanAttributes (49 bytes)
Event: 0.853 Thread 0x00007fed0c80a800 nmethod 69 0x00000001118e64d0 code [0x00000001118e6640, 0x00000001118e6758]

GC Heap History (2 events):
Event: 1.048 GC heap before
{Heap before GC invocations=1 (full 0):
 PSYoungGen      total 76800K, used 66048K [0x00000007aaa80000, 0x00000007b0000000, 0x0000000800000000)
  eden space 66048K, 100% used [0x00000007aaa80000,0x00000007aeb00000,0x00000007aeb00000)
  from space 10752K, 0% used [0x00000007af580000,0x00000007af580000,0x00000007b0000000)
  to   space 10752K, 0% used [0x00000007aeb00000,0x00000007aeb00000,0x00000007af580000)
 ParOldGen       total 174592K, used 0K [0x0000000700000000, 0x000000070aa80000, 0x00000007aaa80000)
  object space 174592K, 0% used [0x0000000700000000,0x0000000700000000,0x000000070aa80000)
 PSPermGen       total 21504K, used 7974K [0x00000006fae00000, 0x00000006fc300000, 0x0000000700000000)
  object space 21504K, 37% used [0x00000006fae00000,0x00000006fb5c9978,0x00000006fc300000)
Event: 1.050 GC heap after
Heap after GC invocations=1 (full 0):
 PSYoungGen      total 76800K, used 1296K [0x00000007aaa80000, 0x00000007b0000000, 0x0000000800000000)
  eden space 66048K, 0% used [0x00000007aaa80000,0x00000007aaa80000,0x00000007aeb00000)
  from space 10752K, 12% used [0x00000007aeb00000,0x00000007aec44010,0x00000007af580000)
  to   space 10752K, 0% used [0x00000007af580000,0x00000007af580000,0x00000007b0000000)
 ParOldGen       total 174592K, used 8K [0x0000000700000000, 0x000000070aa80000, 0x00000007aaa80000)
  object space 174592K, 0% used [0x0000000700000000,0x0000000700002000,0x000000070aa80000)
 PSPermGen       total 21504K, used 7974K [0x00000006fae00000, 0x00000006fc300000, 0x0000000700000000)
  object space 21504K, 37% used [0x00000006fae00000,0x00000006fb5c9978,0x00000006fc300000)
}

Deoptimization events (0 events):
No events

Internal exceptions (10 events):
Event: 0.721 Thread 0x00007fed0a00f000 Threw 0x00000007ab2b95a0 at /HUDSON/workspace/7u-2-build-macosx-x86_64/jdk7u51/527/hotspot/src/share/vm/prims/jvm.cpp:1244
Event: 0.722 Thread 0x00007fed0a00f000 Threw 0x00000007ab2c0330 at /HUDSON/workspace/7u-2-build-macosx-x86_64/jdk7u51/527/hotspot/src/share/vm/prims/jvm.cpp:1244
Event: 0.723 Thread 0x00007fed0a00f000 Threw 0x00000007ab2c4ce0 at /HUDSON/workspace/7u-2-build-macosx-x86_64/jdk7u51/527/hotspot/src/share/vm/prims/jvm.cpp:1244
Event: 0.729 Thread 0x00007fed0a00f000 Threw 0x00000007ab2dbac8 at /HUDSON/workspace/7u-2-build-macosx-x86_64/jdk7u51/527/hotspot/src/share/vm/prims/jvm.cpp:1244
Event: 0.730 Thread 0x00007fed0a00f000 Threw 0x00000007ab2e1148 at /HUDSON/workspace/7u-2-build-macosx-x86_64/jdk7u51/527/hotspot/src/share/vm/prims/jvm.cpp:1244
Event: 0.730 Thread 0x00007fed0a00f000 Threw 0x00000007ab2e4730 at /HUDSON/workspace/7u-2-build-macosx-x86_64/jdk7u51/527/hotspot/src/share/vm/prims/jvm.cpp:1244
Event: 0.750 Thread 0x00007fed0a00f000 Threw 0x00000007aba13538 at /HUDSON/workspace/7u-2-build-macosx-x86_64/jdk7u51/527/hotspot/src/share/vm/prims/jvm.cpp:1244
Event: 0.750 Thread 0x00007fed0a00f000 Threw 0x00000007aba15bb0 at /HUDSON/workspace/7u-2-build-macosx-x86_64/jdk7u51/527/hotspot/src/share/vm/prims/jvm.cpp:1244
Event: 0.751 Thread 0x00007fed0a00f000 Threw 0x00000007aba1a498 at /HUDSON/workspace/7u-2-build-macosx-x86_64/jdk7u51/527/hotspot/src/share/vm/prims/jvm.cpp:1244
Event: 0.752 Thread 0x00007fed0a00f000 Threw 0x00000007aba32bc0 at /HUDSON/workspace/7u-2-build-macosx-x86_64/jdk7u51/527/hotspot/src/share/vm/interpreter/linkResolver.cpp:883

Events (10 events):
Event: 0.752 loading class 0x00007fed0c88eea0
Event: 0.753 loading class 0x00007fed0c88eea0 done
Event: 0.753 Thread 0x00007fed0a00f000 Thread exited: 0x00007fed0a00f000
Event: 0.753 Thread 0x00007fed0d803000 Thread added: 0x00007fed0d803000
Event: 0.814 loading class 0x000000011e9c0580
Event: 0.815 loading class 0x000000011e9c0580 done
Event: 1.048 Executing VM operation: ParallelGCFailedAllocation
Event: 1.050 Executing VM operation: ParallelGCFailedAllocation done
Event: 1.050 loading class 0x000000011e9dd380
Event: 1.050 loading class 0x000000011e9dd380 done


Dynamic libraries:
0x0000000005204000 	/System/Library/Frameworks/Cocoa.framework/Versions/A/Cocoa
0x0000000005204000 	/System/Library/Frameworks/Security.framework/Versions/A/Security
0x0000000005204000 	/System/Library/Frameworks/ApplicationServices.framework/Versions/A/ApplicationServices
0x0000000005204000 	/usr/lib/libz.1.dylib
0x0000000005204000 	/usr/lib/libSystem.B.dylib
0x0000000005204000 	/usr/lib/libobjc.A.dylib
0x0000000005204000 	/System/Library/Frameworks/CoreFoundation.framework/Versions/A/CoreFoundation
0x0000000005204000 	/System/Library/Frameworks/Foundation.framework/Versions/C/Foundation
0x0000000005204000 	/System/Library/Frameworks/AppKit.framework/Versions/C/AppKit
0x0000000005204000 	/System/Library/Frameworks/CoreData.framework/Versions/A/CoreData
0x0000000005204000 	/System/Library/PrivateFrameworks/RemoteViewServices.framework/Versions/A/RemoteViewServices
0x0000000005204000 	/System/Library/Frameworks/AudioToolbox.framework/Versions/A/AudioToolbox
0x0000000005204000 	/System/Library/Frameworks/AudioUnit.framework/Versions/A/AudioUnit
0x0000000005204000 	/System/Library/PrivateFrameworks/DataDetectorsCore.framework/Versions/A/DataDetectorsCore
0x0000000005204000 	/System/Library/PrivateFrameworks/DesktopServicesPriv.framework/Versions/A/DesktopServicesPriv
0x0000000005204000 	/System/Library/Frameworks/Carbon.framework/Versions/A/Frameworks/HIToolbox.framework/Versions/A/HIToolbox
0x0000000005204000 	/System/Library/Frameworks/QuartzCore.framework/Versions/A/QuartzCore
0x0000000005204000 	/System/Library/Frameworks/Carbon.framework/Versions/A/Frameworks/SpeechRecognition.framework/Versions/A/SpeechRecognition
0x0000000005204000 	/usr/lib/libauto.dylib
0x0000000005204000 	/usr/lib/libicucore.A.dylib
0x0000000005204000 	/usr/lib/libxml2.2.dylib
0x0000000005204000 	/System/Library/PrivateFrameworks/CoreUI.framework/Versions/A/CoreUI
0x0000000005204000 	/System/Library/Frameworks/CoreAudio.framework/Versions/A/CoreAudio
0x0000000005204000 	/System/Library/Frameworks/DiskArbitration.framework/Versions/A/DiskArbitration
0x0000000005204000 	/usr/lib/liblangid.dylib
0x0000000005204000 	/System/Library/PrivateFrameworks/MultitouchSupport.framework/Versions/A/MultitouchSupport
0x0000000005204000 	/System/Library/Frameworks/IOKit.framework/Versions/A/IOKit
0x0000000005204000 	/usr/lib/libDiagnosticMessagesClient.dylib
0x0000000005204000 	/System/Library/Frameworks/CoreServices.framework/Versions/A/CoreServices
0x0000000005204000 	/System/Library/PrivateFrameworks/PerformanceAnalysis.framework/Versions/A/PerformanceAnalysis
0x0000000005204000 	/System/Library/PrivateFrameworks/GenerationalStorage.framework/Versions/A/GenerationalStorage
0x0000000005204000 	/System/Library/Frameworks/OpenGL.framework/Versions/A/OpenGL
0x0000000005204000 	/System/Library/PrivateFrameworks/Sharing.framework/Versions/A/Sharing
0x0000000005204000 	/System/Library/Frameworks/ImageIO.framework/Versions/A/ImageIO
0x0000000005204000 	/System/Library/Frameworks/CoreText.framework/Versions/A/CoreText
0x0000000005204000 	/System/Library/Frameworks/CoreGraphics.framework/Versions/A/CoreGraphics
0x0000000005204000 	/System/Library/PrivateFrameworks/Backup.framework/Versions/A/Backup
0x0000000005204000 	/System/Library/Frameworks/CFNetwork.framework/Versions/A/CFNetwork
0x0000000005204000 	/System/Library/Frameworks/SystemConfiguration.framework/Versions/A/SystemConfiguration
0x0000000005204000 	/usr/lib/libCRFSuite.dylib
0x0000000005204000 	/usr/lib/libc++.1.dylib
0x0000000005204000 	/usr/lib/libc++abi.dylib
0x0000000005204000 	/usr/lib/system/libcache.dylib
0x0000000005204000 	/usr/lib/system/libcommonCrypto.dylib
0x0000000005204000 	/usr/lib/system/libcompiler_rt.dylib
0x0000000005204000 	/usr/lib/system/libcopyfile.dylib
0x0000000005204000 	/usr/lib/system/libcorecrypto.dylib
0x0000000005204000 	/usr/lib/system/libdispatch.dylib
0x0000000005204000 	/usr/lib/system/libdyld.dylib
0x0000000005204000 	/usr/lib/system/libkeymgr.dylib
0x0000000005204000 	/usr/lib/system/liblaunch.dylib
0x0000000005204000 	/usr/lib/system/libmacho.dylib
0x0000000005204000 	/usr/lib/system/libquarantine.dylib
0x0000000005204000 	/usr/lib/system/libremovefile.dylib
0x0000000005204000 	/usr/lib/system/libsystem_asl.dylib
0x0000000005204000 	/usr/lib/system/libsystem_blocks.dylib
0x0000000005204000 	/usr/lib/system/libsystem_c.dylib
0x0000000005204000 	/usr/lib/system/libsystem_configuration.dylib
0x0000000005204000 	/usr/lib/system/libsystem_dnssd.dylib
0x0000000005204000 	/usr/lib/system/libsystem_info.dylib
0x0000000005204000 	/usr/lib/system/libsystem_kernel.dylib
0x0000000005204000 	/usr/lib/system/libsystem_m.dylib
0x0000000005204000 	/usr/lib/system/libsystem_malloc.dylib
0x0000000005204000 	/usr/lib/system/libsystem_network.dylib
0x0000000005204000 	/usr/lib/system/libsystem_notify.dylib
0x0000000005204000 	/usr/lib/system/libsystem_platform.dylib
0x0000000005204000 	/usr/lib/system/libsystem_pthread.dylib
0x0000000005204000 	/usr/lib/system/libsystem_sandbox.dylib
0x0000000005204000 	/usr/lib/system/libsystem_stats.dylib
0x0000000005204000 	/usr/lib/system/libunc.dylib
0x0000000005204000 	/usr/lib/system/libunwind.dylib
0x0000000005204000 	/usr/lib/system/libxpc.dylib
0x0000000005204000 	/usr/lib/libbsm.0.dylib
0x0000000005204000 	/usr/lib/libsqlite3.dylib
0x0000000005204000 	/usr/lib/libxar.1.dylib
0x0000000005204000 	/usr/lib/libpam.2.dylib
0x0000000005204000 	/usr/lib/libOpenScriptingUtil.dylib
0x0000000005204000 	/usr/lib/libbz2.1.0.dylib
0x0000000005204000 	/System/Library/Frameworks/CoreServices.framework/Versions/A/Frameworks/CarbonCore.framework/Versions/A/CarbonCore
0x0000000005204000 	/System/Library/Frameworks/CoreServices.framework/Versions/A/Frameworks/Metadata.framework/Versions/A/Metadata
0x0000000005204000 	/System/Library/Frameworks/CoreServices.framework/Versions/A/Frameworks/OSServices.framework/Versions/A/OSServices
0x0000000005204000 	/System/Library/Frameworks/CoreServices.framework/Versions/A/Frameworks/SearchKit.framework/Versions/A/SearchKit
0x0000000005204000 	/System/Library/Frameworks/CoreServices.framework/Versions/A/Frameworks/AE.framework/Versions/A/AE
0x0000000005204000 	/System/Library/Frameworks/CoreServices.framework/Versions/A/Frameworks/LaunchServices.framework/Versions/A/LaunchServices
0x0000000005204000 	/System/Library/Frameworks/CoreServices.framework/Versions/A/Frameworks/DictionaryServices.framework/Versions/A/DictionaryServices
0x0000000005204000 	/System/Library/Frameworks/NetFS.framework/Versions/A/NetFS
0x0000000005204000 	/usr/lib/system/libkxld.dylib
0x0000000005204000 	/System/Library/PrivateFrameworks/NetAuth.framework/Versions/A/NetAuth
0x0000000005204000 	/System/Library/PrivateFrameworks/TCC.framework/Versions/A/TCC
0x0000000005204000 	/System/Library/Frameworks/OpenDirectory.framework/Versions/A/Frameworks/CFOpenDirectory.framework/Versions/A/CFOpenDirectory
0x0000000005204000 	/System/Library/Frameworks/ServiceManagement.framework/Versions/A/ServiceManagement
0x0000000005204000 	/usr/lib/libxslt.1.dylib
0x0000000005204000 	/System/Library/Frameworks/Carbon.framework/Versions/A/Frameworks/Ink.framework/Versions/A/Ink
0x0000000005204000 	/System/Library/Frameworks/ApplicationServices.framework/Versions/A/Frameworks/ATS.framework/Versions/A/ATS
0x0000000005204000 	/System/Library/Frameworks/ApplicationServices.framework/Versions/A/Frameworks/ColorSync.framework/Versions/A/ColorSync
0x0000000005204000 	/System/Library/Frameworks/ApplicationServices.framework/Versions/A/Frameworks/HIServices.framework/Versions/A/HIServices
0x0000000005204000 	/System/Library/Frameworks/ApplicationServices.framework/Versions/A/Frameworks/LangAnalysis.framework/Versions/A/LangAnalysis
0x0000000005204000 	/System/Library/Frameworks/ApplicationServices.framework/Versions/A/Frameworks/PrintCore.framework/Versions/A/PrintCore
0x0000000005204000 	/System/Library/Frameworks/ApplicationServices.framework/Versions/A/Frameworks/QD.framework/Versions/A/QD
0x0000000005204000 	/System/Library/Frameworks/ApplicationServices.framework/Versions/A/Frameworks/SpeechSynthesis.framework/Versions/A/SpeechSynthesis
0x0000000005204000 	/System/Library/Frameworks/IOSurface.framework/Versions/A/IOSurface
0x0000000005204000 	/System/Library/Frameworks/Accelerate.framework/Versions/A/Accelerate
0x0000000005204000 	/System/Library/Frameworks/Accelerate.framework/Versions/A/Frameworks/vImage.framework/Versions/A/vImage
0x0000000005204000 	/System/Library/Frameworks/Accelerate.framework/Versions/A/Frameworks/vecLib.framework/Versions/A/vecLib
0x0000000005204000 	/System/Library/Frameworks/Accelerate.framework/Versions/A/Frameworks/vecLib.framework/Versions/A/libvDSP.dylib
0x0000000005204000 	/System/Library/Frameworks/Accelerate.framework/Versions/A/Frameworks/vecLib.framework/Versions/A/libvMisc.dylib
0x0000000005204000 	/System/Library/Frameworks/Accelerate.framework/Versions/A/Frameworks/vecLib.framework/Versions/A/libLAPACK.dylib
0x0000000005204000 	/System/Library/Frameworks/Accelerate.framework/Versions/A/Frameworks/vecLib.framework/Versions/A/libBLAS.dylib
0x0000000005204000 	/System/Library/Frameworks/ApplicationServices.framework/Versions/A/Frameworks/ATS.framework/Versions/A/Resources/libFontParser.dylib
0x0000000005204000 	/System/Library/Frameworks/ApplicationServices.framework/Versions/A/Frameworks/ATS.framework/Versions/A/Resources/libFontRegistry.dylib
0x0000000005204000 	/System/Library/Frameworks/ImageIO.framework/Versions/A/Resources/libJPEG.dylib
0x0000000005204000 	/System/Library/Frameworks/ImageIO.framework/Versions/A/Resources/libTIFF.dylib
0x0000000005204000 	/System/Library/Frameworks/ImageIO.framework/Versions/A/Resources/libPng.dylib
0x0000000005204000 	/System/Library/Frameworks/ImageIO.framework/Versions/A/Resources/libGIF.dylib
0x0000000005204000 	/System/Library/Frameworks/ImageIO.framework/Versions/A/Resources/libJP2.dylib
0x0000000005204000 	/System/Library/Frameworks/ImageIO.framework/Versions/A/Resources/libRadiance.dylib
0x0000000005204000 	/usr/lib/libcups.2.dylib
0x0000000005204000 	/System/Library/Frameworks/Kerberos.framework/Versions/A/Kerberos
0x0000000005204000 	/System/Library/Frameworks/GSS.framework/Versions/A/GSS
0x0000000005204000 	/usr/lib/libresolv.9.dylib
0x0000000005204000 	/usr/lib/libiconv.2.dylib
0x0000000005204000 	/System/Library/PrivateFrameworks/Heimdal.framework/Versions/A/Heimdal
0x0000000005204000 	/System/Library/PrivateFrameworks/TrustEvaluationAgent.framework/Versions/A/TrustEvaluationAgent
0x0000000005204000 	/usr/lib/libheimdal-asn1.dylib
0x0000000005204000 	/System/Library/Frameworks/OpenDirectory.framework/Versions/A/OpenDirectory
0x0000000005204000 	/System/Library/PrivateFrameworks/CommonAuth.framework/Versions/A/CommonAuth
0x0000000005204000 	/System/Library/Frameworks/SecurityFoundation.framework/Versions/A/SecurityFoundation
0x0000000005204000 	/System/Library/PrivateFrameworks/Bom.framework/Versions/A/Bom
0x0000000005204000 	/System/Library/Frameworks/CoreVideo.framework/Versions/A/CoreVideo
0x0000000005204000 	/System/Library/Frameworks/QuartzCore.framework/Versions/A/Frameworks/CoreImage.framework/Versions/A/CoreImage
0x0000000005204000 	/System/Library/Frameworks/QuartzCore.framework/Versions/A/Frameworks/ScalableUserInterface.framework/Versions/A/ScalableUserInterface
0x0000000005204000 	/System/Library/Frameworks/OpenGL.framework/Versions/A/Libraries/libGLU.dylib
0x0000000005204000 	/System/Library/Frameworks/OpenGL.framework/Versions/A/Libraries/libGFXShared.dylib
0x0000000005204000 	/System/Library/Frameworks/OpenGL.framework/Versions/A/Libraries/libGL.dylib
0x0000000005204000 	/System/Library/Frameworks/OpenGL.framework/Versions/A/Libraries/libGLImage.dylib
0x0000000005204000 	/System/Library/Frameworks/OpenGL.framework/Versions/A/Libraries/libCVMSPluginSupport.dylib
0x0000000005204000 	/System/Library/Frameworks/OpenGL.framework/Versions/A/Libraries/libCoreVMClient.dylib
0x0000000005204000 	/System/Library/PrivateFrameworks/FaceCore.framework/Versions/A/FaceCore
0x0000000005204000 	/System/Library/PrivateFrameworks/CrashReporterSupport.framework/Versions/A/CrashReporterSupport
0x0000000005204000 	/System/Library/Frameworks/OpenCL.framework/Versions/A/OpenCL
0x0000000005204000 	/System/Library/PrivateFrameworks/AppleFSCompression.framework/Versions/A/AppleFSCompression
0x0000000005204000 	/System/Library/PrivateFrameworks/Ubiquity.framework/Versions/A/Ubiquity
0x0000000005204000 	/System/Library/PrivateFrameworks/IconServices.framework/Versions/A/IconServices
0x0000000005204000 	/System/Library/PrivateFrameworks/ChunkingLibrary.framework/Versions/A/ChunkingLibrary
0x0000000005204000 	/System/Library/PrivateFrameworks/CoreSymbolication.framework/Versions/A/CoreSymbolication
0x0000000005204000 	/System/Library/PrivateFrameworks/Symbolication.framework/Versions/A/Symbolication
0x0000000005204000 	/System/Library/PrivateFrameworks/DebugSymbols.framework/Versions/A/DebugSymbols
0x0000000110e00000 	/Library/Java/JavaVirtualMachines/jdk1.7.0_51.jdk/Contents/Home/jre/lib/server/libjvm.dylib
0x0000000005204000 	/usr/lib/libstdc++.6.dylib
0x000000010fd4b000 	/Library/Java/JavaVirtualMachines/jdk1.7.0_51.jdk/Contents/Home/jre/lib/libverify.dylib
0x000000010fd58000 	/Library/Java/JavaVirtualMachines/jdk1.7.0_51.jdk/Contents/Home/jre/lib/libjava.dylib
0x000000010fd92000 	/Library/Java/JavaVirtualMachines/jdk1.7.0_51.jdk/Contents/Home/jre/lib/libzip.dylib
0x0000000120bcd000 	/System/Library/Frameworks/JavaVM.framework/Frameworks/JavaRuntimeSupport.framework/JavaRuntimeSupport
0x0000000120be5000 	/System/Library/Frameworks/JavaVM.framework/Versions/A/Frameworks/JavaNativeFoundation.framework/Versions/A/JavaNativeFoundation
0x000000010fded000 	/System/Library/Frameworks/JavaVM.framework/Versions/A/JavaVM
0x0000000005204000 	/System/Library/Frameworks/Carbon.framework/Versions/A/Carbon
0x0000000120bfa000 	/System/Library/PrivateFrameworks/JavaLaunching.framework/Versions/A/JavaLaunching
0x0000000005204000 	/System/Library/Frameworks/Carbon.framework/Versions/A/Frameworks/CommonPanels.framework/Versions/A/CommonPanels
0x0000000005204000 	/System/Library/Frameworks/Carbon.framework/Versions/A/Frameworks/Help.framework/Versions/A/Help
0x0000000005204000 	/System/Library/Frameworks/Carbon.framework/Versions/A/Frameworks/ImageCapture.framework/Versions/A/ImageCapture
0x0000000005204000 	/System/Library/Frameworks/Carbon.framework/Versions/A/Frameworks/OpenScripting.framework/Versions/A/OpenScripting
0x0000000005204000 	/System/Library/Frameworks/Carbon.framework/Versions/A/Frameworks/Print.framework/Versions/A/Print
0x0000000005204000 	/System/Library/Frameworks/Carbon.framework/Versions/A/Frameworks/SecurityHI.framework/Versions/A/SecurityHI
0x0000000121366000 	/Library/Java/JavaVirtualMachines/jdk1.7.0_51.jdk/Contents/Home/jre/lib/libawt.dylib
0x0000000121415000 	/Library/Java/JavaVirtualMachines/jdk1.7.0_51.jdk/Contents/Home/jre/lib/./libmlib_image.dylib
0x00000001214e1000 	/Library/Java/JavaVirtualMachines/jdk1.7.0_51.jdk/Contents/Home/jre/lib/lwawt/liblwawt.dylib
0x0000000121595000 	/Library/Java/JavaVirtualMachines/jdk1.7.0_51.jdk/Contents/Home/jre/lib/libosxapp.dylib
0x0000000005204000 	/System/Library/Frameworks/ExceptionHandling.framework/Versions/A/ExceptionHandling
0x0000000005204000 	/System/Library/PrivateFrameworks/CoreServicesInternal.framework/Versions/A/CoreServicesInternal
0x0000000005204000 	/System/Library/PrivateFrameworks/Librarian.framework/Versions/A/Librarian
0x0000000005204000 	/System/Library/Frameworks/CoreGraphics.framework/Versions/A/Resources/libCGCMS.A.dylib
0x0000000005204000 	/System/Library/Frameworks/CoreGraphics.framework/Versions/A/Resources/libRIP.A.dylib
0x0000000005204000 	/System/Library/Frameworks/CoreGraphics.framework/Versions/A/Resources/libCGXType.A.dylib
0x0000000005204000 	/System/Library/PrivateFrameworks/FamilyControls.framework/Versions/A/FamilyControls
0x0000000005204000 	/System/Library/PrivateFrameworks/CommerceKit.framework/Versions/A/Frameworks/CommerceCore.framework/Versions/A/CommerceCore
0x0000000005204000 	/System/Library/PrivateFrameworks/SystemAdministration.framework/Versions/A/SystemAdministration
0x0000000005204000 	/System/Library/Frameworks/DirectoryService.framework/Versions/A/DirectoryService
0x0000000005204000 	/System/Library/PrivateFrameworks/DiskImages.framework/Versions/A/DiskImages
0x0000000005204000 	/System/Library/PrivateFrameworks/LoginUIKit.framework/Versions/A/Frameworks/LoginUICore.framework/Versions/A/LoginUICore
0x0000000005204000 	/usr/lib/libCoreStorage.dylib
0x0000000005204000 	/usr/lib/libcsfde.dylib
0x0000000005204000 	/usr/lib/libodfde.dylib
0x0000000005204000 	/System/Library/Frameworks/DiscRecording.framework/Versions/A/DiscRecording
0x0000000005204000 	/usr/lib/libcurl.4.dylib
0x0000000005204000 	/System/Library/PrivateFrameworks/MediaKit.framework/Versions/A/MediaKit
0x0000000005204000 	/System/Library/PrivateFrameworks/EFILogin.framework/Versions/A/EFILogin
0x0000000005204000 	/usr/lib/libutil.dylib
0x0000000005204000 	/System/Library/PrivateFrameworks/AOSNotification.framework/Versions/A/AOSNotification
0x0000000005204000 	/System/Library/Frameworks/LDAP.framework/Versions/A/LDAP
0x0000000005204000 	/usr/lib/libsasl2.2.dylib
0x0000000005204000 	/usr/lib/libcrypto.0.9.8.dylib
0x0000000005204000 	/usr/lib/libssl.0.9.8.dylib
0x000000012595e000 	/Library/Java/JavaVirtualMachines/jdk1.7.0_51.jdk/Contents/Home/jre/lib/libfontmanager.dylib
0x0000000122e50000 	/Library/Java/JavaVirtualMachines/jdk1.7.0_51.jdk/Contents/Home/jre/lib/libosxui.dylib
0x0000000005204000 	/System/Library/Frameworks/OpenGL.framework/Versions/A/Resources/GLEngine.bundle/GLEngine
0x0000000005204000 	/System/Library/Frameworks/OpenGL.framework/Versions/A/Libraries/libGLProgrammability.dylib
0x0000000000000000 	/System/Library/Extensions/GeForceGLDriver.bundle/Contents/MacOS/GeForceGLDriver
0x0000000005204000 	/System/Library/PrivateFrameworks/IOAccelerator.framework/Versions/A/IOAccelerator
0x0000000005204000 	/System/Library/PrivateFrameworks/GPUSupport.framework/Versions/A/Libraries/libGPUSupportMercury.dylib
0x0000000005204000 	/System/Library/Extensions/GeForceGLDriver.bundle/Contents/MacOS/libclh.dylib
0x0000000000000000 	/System/Library/Extensions/AppleIntelHD5000GraphicsGLDriver.bundle/Contents/MacOS/AppleIntelHD5000GraphicsGLDriver
0x0000000005204000 	/System/Library/Frameworks/OpenGL.framework/Versions/A/Resources/GLRendererFloat.bundle/GLRendererFloat
0x0000000005204000 	/System/Library/Frameworks/OpenCL.framework/Versions/A/Libraries/libcldcpuengine.dylib
0x0000000127865000 	/Users/mlbok/GitHub/leap-conductor/lib/libLeapJava.dylib
0x00000001278a3000 	/Users/mlbok/GitHub/leap-conductor/lib/libLeap.dylib

VM Arguments:
jvm_args: -Djava.library.path=/Users/mlbok/GitHub/leap-conductor/lib -Dfile.encoding=US-ASCII 
java_command: frontend.Main src/sounds/Atlas_Hands.mp3
Launcher Type: SUN_STANDARD

Environment Variables:
PATH=/usr/bin:/bin:/usr/sbin:/sbin
SHELL=/bin/bash
DISPLAY=/tmp/launch-P9uDyh/org.macosforge.xquartz:0

Signal Handlers:
SIGSEGV: [libjvm.dylib+0x525425], sa_mask[0]=0xfffefeff, sa_flags=0x00000043
SIGBUS: [libjvm.dylib+0x525425], sa_mask[0]=0xfffefeff, sa_flags=0x00000042
SIGFPE: [libjvm.dylib+0x41892a], sa_mask[0]=0xfffefeff, sa_flags=0x00000042
SIGPIPE: [libjvm.dylib+0x41892a], sa_mask[0]=0xfffefeff, sa_flags=0x00000042
SIGXFSZ: [libjvm.dylib+0x41892a], sa_mask[0]=0xfffefeff, sa_flags=0x00000042
SIGILL: [libjvm.dylib+0x41892a], sa_mask[0]=0xfffefeff, sa_flags=0x00000042
SIGUSR1: SIG_DFL, sa_mask[0]=0x00000000, sa_flags=0x00000002
SIGUSR2: [libjvm.dylib+0x41841c], sa_mask[0]=0x00000004, sa_flags=0x00000042
SIGHUP: [libjvm.dylib+0x4166ab], sa_mask[0]=0xfffefeff, sa_flags=0x00000042
SIGINT: [libjvm.dylib+0x4166ab], sa_mask[0]=0xfffefeff, sa_flags=0x00000042
SIGTERM: [libjvm.dylib+0x4166ab], sa_mask[0]=0xfffefeff, sa_flags=0x00000042
SIGQUIT: [libjvm.dylib+0x4166ab], sa_mask[0]=0xfffefeff, sa_flags=0x00000042


---------------  S Y S T E M  ---------------

OS:Bsduname:Darwin 13.0.2 Darwin Kernel Version 13.0.2: Sun Sep 29 19:38:57 PDT 2013; root:xnu-2422.75.4~1/RELEASE_X86_64 x86_64
rlimit: STACK 8192k, CORE 0k, NPROC 709, NOFILE 10240, AS infinity
load average:1.68 1.58 1.65

CPU:total 8 (4 cores per cpu, 2 threads per core) family 6 model 70 stepping 1, cmov, cx8, fxsr, mmx, sse, sse2, sse3, ssse3, sse4.1, sse4.2, popcnt, avx, avx2, aes, erms, ht, tsc, tscinvbit

Memory: 4k page, physical 16777216k(4194304k free)

/proc/meminfo:


vm_info: Java HotSpot(TM) 64-Bit Server VM (24.51-b03) for bsd-amd64 JRE (1.7.0_51-b13), built on Dec 18 2013 18:45:56 by "java_re" with gcc 4.2.1 (Based on Apple Inc. build 5658) (LLVM build 2336.11.00)

time: Thu Apr 24 10:42:08 2014
elapsed time: 1 seconds

